#logback.classic pattern: %d{yyyy-MM-dd HH:mm:ss.SSS} %-5level [%X{TRACE_LOG_ID}] %logger{15} %line - %msg%n
#logback.classic pattern: %d{yyyy-MM-dd HH:mm:ss.SSS} %-5level [%X{TRACE_LOG_ID}] %logger{15} %line - %msg%n
#logback.classic pattern: %d{yyyy-MM-dd HH:mm:ss.SSS} %-5level [%X{TRACE_LOG_ID}] %logger{15} %line - %msg%n
2017-02-10 10:57:49.085 INFO  [] o.s.c.a.AnnotationConfigApplicationContext 582 - Refreshing org.springframework.context.annotation.AnnotationConfigApplicationContext@67080771: startup date [Fri Feb 10 10:57:49 CST 2017]; root of context hierarchy
2017-02-10 10:57:49.252 INFO  [] o.h.v.i.u.Version 27 - HV000001: Hibernate Validator 5.1.3.Final
2017-02-10 10:57:49.478 INFO  [] o.s.c.s.PostProcessorRegistrationDelegate$BeanPostProcessorChecker 325 - Bean 'configurationPropertiesRebinderAutoConfiguration' of type [class org.springframework.cloud.autoconfigure.ConfigurationPropertiesRebinderAutoConfiguration$$EnhancerBySpringCGLIB$$e65e5127] is not eligible for getting processed by all BeanPostProcessors (for example: not eligible for auto-proxying)
#logback.classic pattern: %d{yyyy-MM-dd HH:mm:ss.SSS} %-5level [%X{TRACE_LOG_ID}] %logger{15} %line - %msg%n
2017-02-10 10:57:49.984 INFO  [] m.c.s.s.c.ConsulPropertySourceLocator 63 - Connect to consul agent: localhost:8500
2017-02-10 10:57:50.050 WARN  [] o.s.b.SpringApplication 91 - Error handling failed (ApplicationEventMulticaster not initialized - call 'refresh' before multicasting events via the context: org.springframework.boot.context.embedded.AnnotationConfigEmbeddedWebApplicationContext@4264b240: startup date [Thu Jan 01 08:00:00 CST 1970]; parent: org.springframework.context.annotation.AnnotationConfigApplicationContext@67080771)
2017-02-10 10:57:50.055 ERROR [] o.s.b.SpringApplication 839 - Application startup failed
java.lang.RuntimeException: Unable to load Properties source from moxie.cloud.service.server.consul.PolledConsulConfigurationSource@3d8bbcdc
	at com.netflix.config.AbstractPollingScheduler.initialLoad(AbstractPollingScheduler.java:82)
	at com.netflix.config.AbstractPollingScheduler.startPolling(AbstractPollingScheduler.java:200)
	at com.netflix.config.DynamicConfiguration.startPolling(DynamicConfiguration.java:60)
	at com.netflix.config.DynamicConfiguration.<init>(DynamicConfiguration.java:42)
	at moxie.cloud.service.server.consul.ConsulPropertySource.getDynamicConfiguration(ConsulPropertySource.java:50)
	at moxie.cloud.service.server.consul.ConsulPropertySource.<init>(ConsulPropertySource.java:28)
	at moxie.cloud.service.server.consul.ConsulPropertySourceLocator.loadPropertySourceFromConsul(ConsulPropertySourceLocator.java:69)
	at moxie.cloud.service.server.consul.ConsulPropertySourceLocator.locate(ConsulPropertySourceLocator.java:54)
	at org.springframework.cloud.bootstrap.config.PropertySourceBootstrapConfiguration.initialize(PropertySourceBootstrapConfiguration.java:89)
	at org.springframework.boot.SpringApplication.applyInitializers(SpringApplication.java:635)
	at org.springframework.boot.SpringApplication.prepareContext(SpringApplication.java:349)
	at org.springframework.boot.SpringApplication.run(SpringApplication.java:313)
	at moxie.cloud.service.server.MicroService.start(MicroService.java:46)
	at moxie.cloud.service.server.MicroService.start(MicroService.java:58)
	at com.xinbang.bwacl.BWaclCenterStartUp.main(BWaclCenterStartUp.java:11)
	at sun.reflect.NativeMethodAccessorImpl.invoke0(Native Method)
	at sun.reflect.NativeMethodAccessorImpl.invoke(NativeMethodAccessorImpl.java:62)
	at sun.reflect.DelegatingMethodAccessorImpl.invoke(DelegatingMethodAccessorImpl.java:43)
	at java.lang.reflect.Method.invoke(Method.java:498)
	at com.intellij.rt.execution.application.AppMain.main(AppMain.java:147)
Caused by: com.ecwid.consul.transport.TransportException: org.apache.http.conn.HttpHostConnectException: Connect to localhost:8500 [localhost/127.0.0.1, localhost/0:0:0:0:0:0:0:1] failed: Connection refused
	at com.ecwid.consul.transport.AbstractHttpTransport.executeRequest(AbstractHttpTransport.java:96)
	at com.ecwid.consul.transport.AbstractHttpTransport.makeGetRequest(AbstractHttpTransport.java:55)
	at com.ecwid.consul.v1.ConsulRawClient.makeGetRequest(ConsulRawClient.java:81)
	at com.ecwid.consul.v1.kv.KeyValueConsulClient.getKVValue(KeyValueConsulClient.java:73)
	at com.ecwid.consul.v1.ConsulClient.getKVValue(ConsulClient.java:447)
	at moxie.cloud.service.server.consul.PolledConsulConfigurationSource.poll(PolledConsulConfigurationSource.java:34)
	at com.netflix.config.AbstractPollingScheduler.initialLoad(AbstractPollingScheduler.java:78)
	... 19 common frames omitted
Caused by: org.apache.http.conn.HttpHostConnectException: Connect to localhost:8500 [localhost/127.0.0.1, localhost/0:0:0:0:0:0:0:1] failed: Connection refused
	at org.apache.http.impl.conn.DefaultHttpClientConnectionOperator.connect(DefaultHttpClientConnectionOperator.java:158)
	at org.apache.http.impl.conn.PoolingHttpClientConnectionManager.connect(PoolingHttpClientConnectionManager.java:353)
	at org.apache.http.impl.execchain.MainClientExec.establishRoute(MainClientExec.java:380)
	at org.apache.http.impl.execchain.MainClientExec.execute(MainClientExec.java:236)
	at org.apache.http.impl.execchain.ProtocolExec.execute(ProtocolExec.java:184)
	at org.apache.http.impl.execchain.RetryExec.execute(RetryExec.java:88)
	at org.apache.http.impl.execchain.RedirectExec.execute(RedirectExec.java:110)
	at org.apache.http.impl.client.InternalHttpClient.doExecute(InternalHttpClient.java:184)
	at org.apache.http.impl.client.CloseableHttpClient.execute(CloseableHttpClient.java:71)
	at org.apache.http.impl.client.CloseableHttpClient.execute(CloseableHttpClient.java:220)
	at org.apache.http.impl.client.CloseableHttpClient.execute(CloseableHttpClient.java:164)
	at org.apache.http.impl.client.CloseableHttpClient.execute(CloseableHttpClient.java:139)
	at com.ecwid.consul.transport.AbstractHttpTransport.executeRequest(AbstractHttpTransport.java:80)
	... 25 common frames omitted
Caused by: java.net.ConnectException: Connection refused
	at java.net.PlainSocketImpl.socketConnect(Native Method)
	at java.net.AbstractPlainSocketImpl.doConnect(AbstractPlainSocketImpl.java:350)
	at java.net.AbstractPlainSocketImpl.connectToAddress(AbstractPlainSocketImpl.java:206)
	at java.net.AbstractPlainSocketImpl.connect(AbstractPlainSocketImpl.java:188)
	at java.net.SocksSocketImpl.connect(SocksSocketImpl.java:392)
	at java.net.Socket.connect(Socket.java:589)
	at org.apache.http.conn.socket.PlainConnectionSocketFactory.connectSocket(PlainConnectionSocketFactory.java:74)
	at org.apache.http.impl.conn.DefaultHttpClientConnectionOperator.connect(DefaultHttpClientConnectionOperator.java:141)
	... 37 common frames omitted
#logback.classic pattern: %d{yyyy-MM-dd HH:mm:ss.SSS} %-5level [%X{TRACE_LOG_ID}] %logger{15} %line - %msg%n
#logback.classic pattern: %d{yyyy-MM-dd HH:mm:ss.SSS} %-5level [%X{TRACE_LOG_ID}] %logger{15} %line - %msg%n
2017-02-10 11:33:57.429 INFO  [] o.s.c.a.AnnotationConfigApplicationContext 582 - Refreshing org.springframework.context.annotation.AnnotationConfigApplicationContext@67080771: startup date [Fri Feb 10 11:33:57 CST 2017]; root of context hierarchy
2017-02-10 11:33:57.568 INFO  [] o.h.v.i.u.Version 27 - HV000001: Hibernate Validator 5.1.3.Final
2017-02-10 11:33:57.796 INFO  [] o.s.c.s.PostProcessorRegistrationDelegate$BeanPostProcessorChecker 325 - Bean 'configurationPropertiesRebinderAutoConfiguration' of type [class org.springframework.cloud.autoconfigure.ConfigurationPropertiesRebinderAutoConfiguration$$EnhancerBySpringCGLIB$$10297ebe] is not eligible for getting processed by all BeanPostProcessors (for example: not eligible for auto-proxying)
#logback.classic pattern: %d{yyyy-MM-dd HH:mm:ss.SSS} %-5level [%X{TRACE_LOG_ID}] %logger{15} %line - %msg%n
2017-02-10 11:33:58.297 INFO  [] m.c.s.s.c.ConsulPropertySourceLocator 63 - Connect to consul agent: localhost:8500
2017-02-10 11:33:58.357 WARN  [] o.s.b.SpringApplication 91 - Error handling failed (ApplicationEventMulticaster not initialized - call 'refresh' before multicasting events via the context: org.springframework.boot.context.embedded.AnnotationConfigEmbeddedWebApplicationContext@5b04476e: startup date [Thu Jan 01 08:00:00 CST 1970]; parent: org.springframework.context.annotation.AnnotationConfigApplicationContext@67080771)
2017-02-10 11:33:58.361 ERROR [] o.s.b.SpringApplication 839 - Application startup failed
java.lang.RuntimeException: Unable to load Properties source from moxie.cloud.service.server.consul.PolledConsulConfigurationSource@52500920
	at com.netflix.config.AbstractPollingScheduler.initialLoad(AbstractPollingScheduler.java:82)
	at com.netflix.config.AbstractPollingScheduler.startPolling(AbstractPollingScheduler.java:200)
	at com.netflix.config.DynamicConfiguration.startPolling(DynamicConfiguration.java:60)
	at com.netflix.config.DynamicConfiguration.<init>(DynamicConfiguration.java:42)
	at moxie.cloud.service.server.consul.ConsulPropertySource.getDynamicConfiguration(ConsulPropertySource.java:50)
	at moxie.cloud.service.server.consul.ConsulPropertySource.<init>(ConsulPropertySource.java:28)
	at moxie.cloud.service.server.consul.ConsulPropertySourceLocator.loadPropertySourceFromConsul(ConsulPropertySourceLocator.java:69)
	at moxie.cloud.service.server.consul.ConsulPropertySourceLocator.locate(ConsulPropertySourceLocator.java:54)
	at org.springframework.cloud.bootstrap.config.PropertySourceBootstrapConfiguration.initialize(PropertySourceBootstrapConfiguration.java:89)
	at org.springframework.boot.SpringApplication.applyInitializers(SpringApplication.java:635)
	at org.springframework.boot.SpringApplication.prepareContext(SpringApplication.java:349)
	at org.springframework.boot.SpringApplication.run(SpringApplication.java:313)
	at moxie.cloud.service.server.MicroService.start(MicroService.java:46)
	at moxie.cloud.service.server.MicroService.start(MicroService.java:58)
	at com.xinbang.bwacl.BWaclCenterStartUp.main(BWaclCenterStartUp.java:11)
	at sun.reflect.NativeMethodAccessorImpl.invoke0(Native Method)
	at sun.reflect.NativeMethodAccessorImpl.invoke(NativeMethodAccessorImpl.java:62)
	at sun.reflect.DelegatingMethodAccessorImpl.invoke(DelegatingMethodAccessorImpl.java:43)
	at java.lang.reflect.Method.invoke(Method.java:498)
	at com.intellij.rt.execution.application.AppMain.main(AppMain.java:147)
Caused by: com.ecwid.consul.transport.TransportException: org.apache.http.conn.HttpHostConnectException: Connect to localhost:8500 [localhost/127.0.0.1, localhost/0:0:0:0:0:0:0:1] failed: Connection refused
	at com.ecwid.consul.transport.AbstractHttpTransport.executeRequest(AbstractHttpTransport.java:96)
	at com.ecwid.consul.transport.AbstractHttpTransport.makeGetRequest(AbstractHttpTransport.java:55)
	at com.ecwid.consul.v1.ConsulRawClient.makeGetRequest(ConsulRawClient.java:81)
	at com.ecwid.consul.v1.kv.KeyValueConsulClient.getKVValue(KeyValueConsulClient.java:73)
	at com.ecwid.consul.v1.ConsulClient.getKVValue(ConsulClient.java:447)
	at moxie.cloud.service.server.consul.PolledConsulConfigurationSource.poll(PolledConsulConfigurationSource.java:34)
	at com.netflix.config.AbstractPollingScheduler.initialLoad(AbstractPollingScheduler.java:78)
	... 19 common frames omitted
Caused by: org.apache.http.conn.HttpHostConnectException: Connect to localhost:8500 [localhost/127.0.0.1, localhost/0:0:0:0:0:0:0:1] failed: Connection refused
	at org.apache.http.impl.conn.DefaultHttpClientConnectionOperator.connect(DefaultHttpClientConnectionOperator.java:158)
	at org.apache.http.impl.conn.PoolingHttpClientConnectionManager.connect(PoolingHttpClientConnectionManager.java:353)
	at org.apache.http.impl.execchain.MainClientExec.establishRoute(MainClientExec.java:380)
	at org.apache.http.impl.execchain.MainClientExec.execute(MainClientExec.java:236)
	at org.apache.http.impl.execchain.ProtocolExec.execute(ProtocolExec.java:184)
	at org.apache.http.impl.execchain.RetryExec.execute(RetryExec.java:88)
	at org.apache.http.impl.execchain.RedirectExec.execute(RedirectExec.java:110)
	at org.apache.http.impl.client.InternalHttpClient.doExecute(InternalHttpClient.java:184)
	at org.apache.http.impl.client.CloseableHttpClient.execute(CloseableHttpClient.java:71)
	at org.apache.http.impl.client.CloseableHttpClient.execute(CloseableHttpClient.java:220)
	at org.apache.http.impl.client.CloseableHttpClient.execute(CloseableHttpClient.java:164)
	at org.apache.http.impl.client.CloseableHttpClient.execute(CloseableHttpClient.java:139)
	at com.ecwid.consul.transport.AbstractHttpTransport.executeRequest(AbstractHttpTransport.java:80)
	... 25 common frames omitted
Caused by: java.net.ConnectException: Connection refused
	at java.net.PlainSocketImpl.socketConnect(Native Method)
	at java.net.AbstractPlainSocketImpl.doConnect(AbstractPlainSocketImpl.java:350)
	at java.net.AbstractPlainSocketImpl.connectToAddress(AbstractPlainSocketImpl.java:206)
	at java.net.AbstractPlainSocketImpl.connect(AbstractPlainSocketImpl.java:188)
	at java.net.SocksSocketImpl.connect(SocksSocketImpl.java:392)
	at java.net.Socket.connect(Socket.java:589)
	at org.apache.http.conn.socket.PlainConnectionSocketFactory.connectSocket(PlainConnectionSocketFactory.java:74)
	at org.apache.http.impl.conn.DefaultHttpClientConnectionOperator.connect(DefaultHttpClientConnectionOperator.java:141)
	... 37 common frames omitted
#logback.classic pattern: %d{yyyy-MM-dd HH:mm:ss.SSS} %-5level [%X{TRACE_LOG_ID}] %logger{15} %line - %msg%n
#logback.classic pattern: %d{yyyy-MM-dd HH:mm:ss.SSS} %-5level [%X{TRACE_LOG_ID}] %logger{15} %line - %msg%n
2017-02-10 11:35:43.334 INFO  [] o.s.c.a.AnnotationConfigApplicationContext 582 - Refreshing org.springframework.context.annotation.AnnotationConfigApplicationContext@79da8dc5: startup date [Fri Feb 10 11:35:43 CST 2017]; root of context hierarchy
2017-02-10 11:35:43.460 INFO  [] o.h.v.i.u.Version 27 - HV000001: Hibernate Validator 5.1.3.Final
2017-02-10 11:35:43.732 INFO  [] o.s.c.s.PostProcessorRegistrationDelegate$BeanPostProcessorChecker 325 - Bean 'configurationPropertiesRebinderAutoConfiguration' of type [class org.springframework.cloud.autoconfigure.ConfigurationPropertiesRebinderAutoConfiguration$$EnhancerBySpringCGLIB$$1165e0ea] is not eligible for getting processed by all BeanPostProcessors (for example: not eligible for auto-proxying)
#logback.classic pattern: %d{yyyy-MM-dd HH:mm:ss.SSS} %-5level [%X{TRACE_LOG_ID}] %logger{15} %line - %msg%n
2017-02-10 11:35:44.252 INFO  [] m.c.s.s.c.ConsulPropertySourceLocator 63 - Connect to consul agent: localhost:8500
2017-02-10 11:35:44.323 WARN  [] o.s.b.SpringApplication 91 - Error handling failed (ApplicationEventMulticaster not initialized - call 'refresh' before multicasting events via the context: org.springframework.boot.context.embedded.AnnotationConfigEmbeddedWebApplicationContext@25748410: startup date [Thu Jan 01 08:00:00 CST 1970]; parent: org.springframework.context.annotation.AnnotationConfigApplicationContext@79da8dc5)
2017-02-10 11:35:44.327 ERROR [] o.s.b.SpringApplication 839 - Application startup failed
java.lang.RuntimeException: Unable to load Properties source from moxie.cloud.service.server.consul.PolledConsulConfigurationSource@53e211ee
	at com.netflix.config.AbstractPollingScheduler.initialLoad(AbstractPollingScheduler.java:82)
	at com.netflix.config.AbstractPollingScheduler.startPolling(AbstractPollingScheduler.java:200)
	at com.netflix.config.DynamicConfiguration.startPolling(DynamicConfiguration.java:60)
	at com.netflix.config.DynamicConfiguration.<init>(DynamicConfiguration.java:42)
	at moxie.cloud.service.server.consul.ConsulPropertySource.getDynamicConfiguration(ConsulPropertySource.java:50)
	at moxie.cloud.service.server.consul.ConsulPropertySource.<init>(ConsulPropertySource.java:28)
	at moxie.cloud.service.server.consul.ConsulPropertySourceLocator.loadPropertySourceFromConsul(ConsulPropertySourceLocator.java:69)
	at moxie.cloud.service.server.consul.ConsulPropertySourceLocator.locate(ConsulPropertySourceLocator.java:54)
	at org.springframework.cloud.bootstrap.config.PropertySourceBootstrapConfiguration.initialize(PropertySourceBootstrapConfiguration.java:89)
	at org.springframework.boot.SpringApplication.applyInitializers(SpringApplication.java:635)
	at org.springframework.boot.SpringApplication.prepareContext(SpringApplication.java:349)
	at org.springframework.boot.SpringApplication.run(SpringApplication.java:313)
	at moxie.cloud.service.server.MicroService.start(MicroService.java:46)
	at moxie.cloud.service.server.MicroService.start(MicroService.java:58)
	at com.xinbang.bwacl.BWaclCenterStartUp.main(BWaclCenterStartUp.java:11)
	at sun.reflect.NativeMethodAccessorImpl.invoke0(Native Method)
	at sun.reflect.NativeMethodAccessorImpl.invoke(NativeMethodAccessorImpl.java:62)
	at sun.reflect.DelegatingMethodAccessorImpl.invoke(DelegatingMethodAccessorImpl.java:43)
	at java.lang.reflect.Method.invoke(Method.java:498)
	at com.intellij.rt.execution.application.AppMain.main(AppMain.java:147)
Caused by: com.ecwid.consul.transport.TransportException: org.apache.http.conn.HttpHostConnectException: Connect to localhost:8500 [localhost/127.0.0.1, localhost/0:0:0:0:0:0:0:1] failed: Connection refused
	at com.ecwid.consul.transport.AbstractHttpTransport.executeRequest(AbstractHttpTransport.java:96)
	at com.ecwid.consul.transport.AbstractHttpTransport.makeGetRequest(AbstractHttpTransport.java:55)
	at com.ecwid.consul.v1.ConsulRawClient.makeGetRequest(ConsulRawClient.java:81)
	at com.ecwid.consul.v1.kv.KeyValueConsulClient.getKVValue(KeyValueConsulClient.java:73)
	at com.ecwid.consul.v1.ConsulClient.getKVValue(ConsulClient.java:447)
	at moxie.cloud.service.server.consul.PolledConsulConfigurationSource.poll(PolledConsulConfigurationSource.java:34)
	at com.netflix.config.AbstractPollingScheduler.initialLoad(AbstractPollingScheduler.java:78)
	... 19 common frames omitted
Caused by: org.apache.http.conn.HttpHostConnectException: Connect to localhost:8500 [localhost/127.0.0.1, localhost/0:0:0:0:0:0:0:1] failed: Connection refused
	at org.apache.http.impl.conn.DefaultHttpClientConnectionOperator.connect(DefaultHttpClientConnectionOperator.java:158)
	at org.apache.http.impl.conn.PoolingHttpClientConnectionManager.connect(PoolingHttpClientConnectionManager.java:353)
	at org.apache.http.impl.execchain.MainClientExec.establishRoute(MainClientExec.java:380)
	at org.apache.http.impl.execchain.MainClientExec.execute(MainClientExec.java:236)
	at org.apache.http.impl.execchain.ProtocolExec.execute(ProtocolExec.java:184)
	at org.apache.http.impl.execchain.RetryExec.execute(RetryExec.java:88)
	at org.apache.http.impl.execchain.RedirectExec.execute(RedirectExec.java:110)
	at org.apache.http.impl.client.InternalHttpClient.doExecute(InternalHttpClient.java:184)
	at org.apache.http.impl.client.CloseableHttpClient.execute(CloseableHttpClient.java:71)
	at org.apache.http.impl.client.CloseableHttpClient.execute(CloseableHttpClient.java:220)
	at org.apache.http.impl.client.CloseableHttpClient.execute(CloseableHttpClient.java:164)
	at org.apache.http.impl.client.CloseableHttpClient.execute(CloseableHttpClient.java:139)
	at com.ecwid.consul.transport.AbstractHttpTransport.executeRequest(AbstractHttpTransport.java:80)
	... 25 common frames omitted
Caused by: java.net.ConnectException: Connection refused
	at java.net.PlainSocketImpl.socketConnect(Native Method)
	at java.net.AbstractPlainSocketImpl.doConnect(AbstractPlainSocketImpl.java:350)
	at java.net.AbstractPlainSocketImpl.connectToAddress(AbstractPlainSocketImpl.java:206)
	at java.net.AbstractPlainSocketImpl.connect(AbstractPlainSocketImpl.java:188)
	at java.net.SocksSocketImpl.connect(SocksSocketImpl.java:392)
	at java.net.Socket.connect(Socket.java:589)
	at org.apache.http.conn.socket.PlainConnectionSocketFactory.connectSocket(PlainConnectionSocketFactory.java:74)
	at org.apache.http.impl.conn.DefaultHttpClientConnectionOperator.connect(DefaultHttpClientConnectionOperator.java:141)
	... 37 common frames omitted
#logback.classic pattern: %d{yyyy-MM-dd HH:mm:ss.SSS} %-5level [%X{TRACE_LOG_ID}] %logger{15} %line - %msg%n
#logback.classic pattern: %d{yyyy-MM-dd HH:mm:ss.SSS} %-5level [%X{TRACE_LOG_ID}] %logger{15} %line - %msg%n
2017-02-10 13:31:43.568 INFO  [] o.s.c.a.AnnotationConfigApplicationContext 582 - Refreshing org.springframework.context.annotation.AnnotationConfigApplicationContext@3738449f: startup date [Fri Feb 10 13:31:43 CST 2017]; root of context hierarchy
2017-02-10 13:31:43.697 INFO  [] o.h.v.i.u.Version 27 - HV000001: Hibernate Validator 5.1.3.Final
2017-02-10 13:31:43.892 INFO  [] o.s.c.s.PostProcessorRegistrationDelegate$BeanPostProcessorChecker 325 - Bean 'configurationPropertiesRebinderAutoConfiguration' of type [class org.springframework.cloud.autoconfigure.ConfigurationPropertiesRebinderAutoConfiguration$$EnhancerBySpringCGLIB$$963e1c4e] is not eligible for getting processed by all BeanPostProcessors (for example: not eligible for auto-proxying)
#logback.classic pattern: %d{yyyy-MM-dd HH:mm:ss.SSS} %-5level [%X{TRACE_LOG_ID}] %logger{15} %line - %msg%n
2017-02-10 13:31:44.376 INFO  [] m.c.s.s.c.ConsulPropertySourceLocator 63 - Connect to consul agent: localhost:8500
2017-02-10 13:31:44.433 WARN  [] o.s.b.SpringApplication 91 - Error handling failed (ApplicationEventMulticaster not initialized - call 'refresh' before multicasting events via the context: org.springframework.boot.context.embedded.AnnotationConfigEmbeddedWebApplicationContext@1623134f: startup date [Thu Jan 01 08:00:00 CST 1970]; parent: org.springframework.context.annotation.AnnotationConfigApplicationContext@3738449f)
2017-02-10 13:31:44.437 ERROR [] o.s.b.SpringApplication 839 - Application startup failed
java.lang.RuntimeException: Unable to load Properties source from moxie.cloud.service.server.consul.PolledConsulConfigurationSource@5f2f577
	at com.netflix.config.AbstractPollingScheduler.initialLoad(AbstractPollingScheduler.java:82)
	at com.netflix.config.AbstractPollingScheduler.startPolling(AbstractPollingScheduler.java:200)
	at com.netflix.config.DynamicConfiguration.startPolling(DynamicConfiguration.java:60)
	at com.netflix.config.DynamicConfiguration.<init>(DynamicConfiguration.java:42)
	at moxie.cloud.service.server.consul.ConsulPropertySource.getDynamicConfiguration(ConsulPropertySource.java:50)
	at moxie.cloud.service.server.consul.ConsulPropertySource.<init>(ConsulPropertySource.java:28)
	at moxie.cloud.service.server.consul.ConsulPropertySourceLocator.loadPropertySourceFromConsul(ConsulPropertySourceLocator.java:69)
	at moxie.cloud.service.server.consul.ConsulPropertySourceLocator.locate(ConsulPropertySourceLocator.java:54)
	at org.springframework.cloud.bootstrap.config.PropertySourceBootstrapConfiguration.initialize(PropertySourceBootstrapConfiguration.java:89)
	at org.springframework.boot.SpringApplication.applyInitializers(SpringApplication.java:635)
	at org.springframework.boot.SpringApplication.prepareContext(SpringApplication.java:349)
	at org.springframework.boot.SpringApplication.run(SpringApplication.java:313)
	at moxie.cloud.service.server.MicroService.start(MicroService.java:46)
	at moxie.cloud.service.server.MicroService.start(MicroService.java:58)
	at com.xinbang.bwacl.BWaclCenterStartUp.main(BWaclCenterStartUp.java:11)
	at sun.reflect.NativeMethodAccessorImpl.invoke0(Native Method)
	at sun.reflect.NativeMethodAccessorImpl.invoke(NativeMethodAccessorImpl.java:62)
	at sun.reflect.DelegatingMethodAccessorImpl.invoke(DelegatingMethodAccessorImpl.java:43)
	at java.lang.reflect.Method.invoke(Method.java:498)
	at com.intellij.rt.execution.application.AppMain.main(AppMain.java:147)
Caused by: com.ecwid.consul.transport.TransportException: org.apache.http.conn.HttpHostConnectException: Connect to localhost:8500 [localhost/127.0.0.1, localhost/0:0:0:0:0:0:0:1] failed: Connection refused
	at com.ecwid.consul.transport.AbstractHttpTransport.executeRequest(AbstractHttpTransport.java:96)
	at com.ecwid.consul.transport.AbstractHttpTransport.makeGetRequest(AbstractHttpTransport.java:55)
	at com.ecwid.consul.v1.ConsulRawClient.makeGetRequest(ConsulRawClient.java:81)
	at com.ecwid.consul.v1.kv.KeyValueConsulClient.getKVValue(KeyValueConsulClient.java:73)
	at com.ecwid.consul.v1.ConsulClient.getKVValue(ConsulClient.java:447)
	at moxie.cloud.service.server.consul.PolledConsulConfigurationSource.poll(PolledConsulConfigurationSource.java:34)
	at com.netflix.config.AbstractPollingScheduler.initialLoad(AbstractPollingScheduler.java:78)
	... 19 common frames omitted
Caused by: org.apache.http.conn.HttpHostConnectException: Connect to localhost:8500 [localhost/127.0.0.1, localhost/0:0:0:0:0:0:0:1] failed: Connection refused
	at org.apache.http.impl.conn.DefaultHttpClientConnectionOperator.connect(DefaultHttpClientConnectionOperator.java:158)
	at org.apache.http.impl.conn.PoolingHttpClientConnectionManager.connect(PoolingHttpClientConnectionManager.java:353)
	at org.apache.http.impl.execchain.MainClientExec.establishRoute(MainClientExec.java:380)
	at org.apache.http.impl.execchain.MainClientExec.execute(MainClientExec.java:236)
	at org.apache.http.impl.execchain.ProtocolExec.execute(ProtocolExec.java:184)
	at org.apache.http.impl.execchain.RetryExec.execute(RetryExec.java:88)
	at org.apache.http.impl.execchain.RedirectExec.execute(RedirectExec.java:110)
	at org.apache.http.impl.client.InternalHttpClient.doExecute(InternalHttpClient.java:184)
	at org.apache.http.impl.client.CloseableHttpClient.execute(CloseableHttpClient.java:71)
	at org.apache.http.impl.client.CloseableHttpClient.execute(CloseableHttpClient.java:220)
	at org.apache.http.impl.client.CloseableHttpClient.execute(CloseableHttpClient.java:164)
	at org.apache.http.impl.client.CloseableHttpClient.execute(CloseableHttpClient.java:139)
	at com.ecwid.consul.transport.AbstractHttpTransport.executeRequest(AbstractHttpTransport.java:80)
	... 25 common frames omitted
Caused by: java.net.ConnectException: Connection refused
	at java.net.PlainSocketImpl.socketConnect(Native Method)
	at java.net.AbstractPlainSocketImpl.doConnect(AbstractPlainSocketImpl.java:350)
	at java.net.AbstractPlainSocketImpl.connectToAddress(AbstractPlainSocketImpl.java:206)
	at java.net.AbstractPlainSocketImpl.connect(AbstractPlainSocketImpl.java:188)
	at java.net.SocksSocketImpl.connect(SocksSocketImpl.java:392)
	at java.net.Socket.connect(Socket.java:589)
	at org.apache.http.conn.socket.PlainConnectionSocketFactory.connectSocket(PlainConnectionSocketFactory.java:74)
	at org.apache.http.impl.conn.DefaultHttpClientConnectionOperator.connect(DefaultHttpClientConnectionOperator.java:141)
	... 37 common frames omitted
#logback.classic pattern: %d{yyyy-MM-dd HH:mm:ss.SSS} %-5level [%X{TRACE_LOG_ID}] %logger{15} %line - %msg%n
#logback.classic pattern: %d{yyyy-MM-dd HH:mm:ss.SSS} %-5level [%X{TRACE_LOG_ID}] %logger{15} %line - %msg%n
2017-02-10 13:32:10.044 INFO  [] o.s.c.a.AnnotationConfigApplicationContext 582 - Refreshing org.springframework.context.annotation.AnnotationConfigApplicationContext@3738449f: startup date [Fri Feb 10 13:32:10 CST 2017]; root of context hierarchy
2017-02-10 13:32:10.119 INFO  [] o.h.v.i.u.Version 27 - HV000001: Hibernate Validator 5.1.3.Final
2017-02-10 13:32:10.429 INFO  [] o.s.c.s.PostProcessorRegistrationDelegate$BeanPostProcessorChecker 325 - Bean 'configurationPropertiesRebinderAutoConfiguration' of type [class org.springframework.cloud.autoconfigure.ConfigurationPropertiesRebinderAutoConfiguration$$EnhancerBySpringCGLIB$$5c8aeadb] is not eligible for getting processed by all BeanPostProcessors (for example: not eligible for auto-proxying)
#logback.classic pattern: %d{yyyy-MM-dd HH:mm:ss.SSS} %-5level [%X{TRACE_LOG_ID}] %logger{15} %line - %msg%n
2017-02-10 13:32:10.921 WARN  [] c.n.c.s.URLConfigurationSource 121 - No URLs will be polled as dynamic configuration sources.
2017-02-10 13:32:10.921 INFO  [] c.n.c.s.URLConfigurationSource 122 - To enable URLs as dynamic configuration sources, define System property archaius.configurationSource.additionalUrls or make config.properties available on classpath.
2017-02-10 13:32:10.928 INFO  [] c.x.b.BWaclCenterStartUp 661 - No active profile set, falling back to default profiles: default
2017-02-10 13:32:10.937 INFO  [] o.s.b.c.e.AnnotationConfigEmbeddedWebApplicationContext 582 - Refreshing org.springframework.boot.context.embedded.AnnotationConfigEmbeddedWebApplicationContext@5357c287: startup date [Fri Feb 10 13:32:10 CST 2017]; parent: org.springframework.context.annotation.AnnotationConfigApplicationContext@3738449f
2017-02-10 13:32:11.791 WARN  [] o.s.c.a.ConfigurationClassPostProcessor 389 - Cannot enhance @Configuration bean definition 'refreshScope' since its singleton instance has been created too early. The typical cause is a non-static @Bean method with a BeanDefinitionRegistryPostProcessor return type: Consider declaring such methods as 'static'.
2017-02-10 13:32:11.912 INFO  [] o.s.c.c.s.GenericScope 263 - BeanFactory id=7053975b-3c63-3a1e-9b04-b68e3f726901
2017-02-10 13:32:12.022 INFO  [] o.s.c.s.PostProcessorRegistrationDelegate$BeanPostProcessorChecker 325 - Bean 'org.springframework.cloud.autoconfigure.ConfigurationPropertiesRebinderAutoConfiguration' of type [class org.springframework.cloud.autoconfigure.ConfigurationPropertiesRebinderAutoConfiguration$$EnhancerBySpringCGLIB$$5c8aeadb] is not eligible for getting processed by all BeanPostProcessors (for example: not eligible for auto-proxying)
2017-02-10 13:32:12.298 INFO  [] o.s.b.c.e.t.TomcatEmbeddedServletContainer 87 - Tomcat initialized with port(s): 9001 (http)
2017-02-10 13:32:12.314 INFO  [] o.a.c.c.StandardService 179 - Starting service Tomcat
2017-02-10 13:32:12.315 INFO  [] o.a.c.c.StandardEngine 179 - Starting Servlet Engine: Apache Tomcat/8.5.6
2017-02-10 13:32:12.411 INFO  [] o.a.c.c.C.[.[.[/] 179 - Initializing Spring embedded WebApplicationContext
2017-02-10 13:32:12.412 INFO  [] o.s.w.c.ContextLoader 276 - Root WebApplicationContext: initialization completed in 1475 ms
2017-02-10 13:32:12.429 INFO  [] m.c.s.s.c.AbstractConfig 49 - Initializing service: bwaclservice
2017-02-10 13:32:12.646 INFO  [] o.s.b.w.s.FilterRegistrationBean 258 - Mapping filter: 'correlationIdFilter' to: [/*]
2017-02-10 13:32:12.647 INFO  [] o.s.b.w.s.FilterRegistrationBean 258 - Mapping filter: 'metricsFilter' to: [/*]
2017-02-10 13:32:12.647 INFO  [] o.s.b.w.s.FilterRegistrationBean 258 - Mapping filter: 'characterEncodingFilter' to: [/*]
2017-02-10 13:32:12.647 INFO  [] o.s.b.w.s.FilterRegistrationBean 258 - Mapping filter: 'hiddenHttpMethodFilter' to: [/*]
2017-02-10 13:32:12.647 INFO  [] o.s.b.w.s.FilterRegistrationBean 258 - Mapping filter: 'httpPutFormContentFilter' to: [/*]
2017-02-10 13:32:12.647 INFO  [] o.s.b.w.s.FilterRegistrationBean 258 - Mapping filter: 'requestContextFilter' to: [/*]
2017-02-10 13:32:12.648 INFO  [] o.s.b.w.s.FilterRegistrationBean 258 - Mapping filter: 'webRequestLoggingFilter' to: [/*]
2017-02-10 13:32:12.648 INFO  [] o.s.b.w.s.FilterRegistrationBean 258 - Mapping filter: 'cacheControlFilter' to: [/*]
2017-02-10 13:32:12.649 INFO  [] o.s.b.w.s.FilterRegistrationBean 258 - Mapping filter: 'applicationContextIdFilter' to: [/*]
2017-02-10 13:32:12.649 INFO  [] o.s.b.w.s.ServletRegistrationBean 190 - Mapping servlet: 'dispatcherServlet' to [/]
2017-02-10 13:32:13.247 INFO  [] o.s.w.s.m.m.a.RequestMappingHandlerMapping 543 - Mapped "{[/v2/api-docs],methods=[GET],produces=[application/json || application/hal+json]}" onto public org.springframework.http.ResponseEntity<springfox.documentation.spring.web.json.Json> springfox.documentation.swagger2.web.Swagger2Controller.getDocumentation(java.lang.String,javax.servlet.http.HttpServletRequest)
2017-02-10 13:32:13.271 INFO  [] o.s.w.s.m.m.a.RequestMappingHandlerMapping 543 - Mapped "{[/swagger-resources/configuration/security]}" onto org.springframework.http.ResponseEntity<springfox.documentation.swagger.web.SecurityConfiguration> springfox.documentation.swagger.web.ApiResourceController.securityConfiguration()
2017-02-10 13:32:13.272 INFO  [] o.s.w.s.m.m.a.RequestMappingHandlerMapping 543 - Mapped "{[/swagger-resources/configuration/ui]}" onto org.springframework.http.ResponseEntity<springfox.documentation.swagger.web.UiConfiguration> springfox.documentation.swagger.web.ApiResourceController.uiConfiguration()
2017-02-10 13:32:13.272 INFO  [] o.s.w.s.m.m.a.RequestMappingHandlerMapping 543 - Mapped "{[/swagger-resources]}" onto org.springframework.http.ResponseEntity<java.util.List<springfox.documentation.swagger.web.SwaggerResource>> springfox.documentation.swagger.web.ApiResourceController.swaggerResources()
2017-02-10 13:32:13.275 INFO  [] o.s.w.s.m.m.a.RequestMappingHandlerMapping 543 - Mapped "{[/error]}" onto public org.springframework.http.ResponseEntity<java.util.Map<java.lang.String, java.lang.Object>> org.springframework.boot.autoconfigure.web.BasicErrorController.error(javax.servlet.http.HttpServletRequest)
2017-02-10 13:32:13.275 INFO  [] o.s.w.s.m.m.a.RequestMappingHandlerMapping 543 - Mapped "{[/error],produces=[text/html]}" onto public org.springframework.web.servlet.ModelAndView org.springframework.boot.autoconfigure.web.BasicErrorController.errorHtml(javax.servlet.http.HttpServletRequest,javax.servlet.http.HttpServletResponse)
2017-02-10 13:32:13.618 INFO  [] o.s.b.a.e.m.EndpointHandlerMapping 543 - Mapped "{[/health || /health.json],produces=[application/json]}" onto public java.lang.Object org.springframework.boot.actuate.endpoint.mvc.HealthMvcEndpoint.invoke(java.security.Principal)
2017-02-10 13:32:13.620 INFO  [] o.s.b.a.e.m.EndpointHandlerMapping 543 - Mapped "{[/mappings || /mappings.json],methods=[GET],produces=[application/json]}" onto public java.lang.Object org.springframework.boot.actuate.endpoint.mvc.EndpointMvcAdapter.invoke()
2017-02-10 13:32:13.621 INFO  [] o.s.b.a.e.m.EndpointHandlerMapping 543 - Mapped "{[/metrics/{name:.*}],methods=[GET],produces=[application/json]}" onto public java.lang.Object org.springframework.boot.actuate.endpoint.mvc.MetricsMvcEndpoint.value(java.lang.String)
2017-02-10 13:32:13.622 INFO  [] o.s.b.a.e.m.EndpointHandlerMapping 543 - Mapped "{[/metrics || /metrics.json],methods=[GET],produces=[application/json]}" onto public java.lang.Object org.springframework.boot.actuate.endpoint.mvc.EndpointMvcAdapter.invoke()
2017-02-10 13:32:13.622 INFO  [] o.s.b.a.e.m.EndpointHandlerMapping 543 - Mapped "{[/env],methods=[POST]}" onto public java.lang.Object org.springframework.cloud.context.environment.EnvironmentManagerMvcEndpoint.value(java.util.Map<java.lang.String, java.lang.String>)
2017-02-10 13:32:13.623 INFO  [] o.s.b.a.e.m.EndpointHandlerMapping 543 - Mapped "{[/env/reset],methods=[POST]}" onto public java.util.Map<java.lang.String, java.lang.Object> org.springframework.cloud.context.environment.EnvironmentManagerMvcEndpoint.reset()
2017-02-10 13:32:13.623 INFO  [] o.s.b.a.e.m.EndpointHandlerMapping 543 - Mapped "{[/beans || /beans.json],methods=[GET],produces=[application/json]}" onto public java.lang.Object org.springframework.boot.actuate.endpoint.mvc.EndpointMvcAdapter.invoke()
2017-02-10 13:32:13.624 INFO  [] o.s.b.a.e.m.EndpointHandlerMapping 543 - Mapped "{[/resume || /resume.json],methods=[POST]}" onto public java.lang.Object org.springframework.cloud.endpoint.GenericPostableMvcEndpoint.invoke()
2017-02-10 13:32:13.626 INFO  [] o.s.b.a.e.m.EndpointHandlerMapping 543 - Mapped "{[/autoconfig || /autoconfig.json],methods=[GET],produces=[application/json]}" onto public java.lang.Object org.springframework.boot.actuate.endpoint.mvc.EndpointMvcAdapter.invoke()
2017-02-10 13:32:13.628 INFO  [] o.s.b.a.e.m.EndpointHandlerMapping 543 - Mapped "{[/configprops || /configprops.json],methods=[GET],produces=[application/json]}" onto public java.lang.Object org.springframework.boot.actuate.endpoint.mvc.EndpointMvcAdapter.invoke()
2017-02-10 13:32:13.630 INFO  [] o.s.b.a.e.m.EndpointHandlerMapping 543 - Mapped "{[/env/{name:.*}],methods=[GET],produces=[application/json]}" onto public java.lang.Object org.springframework.boot.actuate.endpoint.mvc.EnvironmentMvcEndpoint.value(java.lang.String)
2017-02-10 13:32:13.630 INFO  [] o.s.b.a.e.m.EndpointHandlerMapping 543 - Mapped "{[/env || /env.json],methods=[GET],produces=[application/json]}" onto public java.lang.Object org.springframework.boot.actuate.endpoint.mvc.EndpointMvcAdapter.invoke()
2017-02-10 13:32:13.631 INFO  [] o.s.b.a.e.m.EndpointHandlerMapping 543 - Mapped "{[/heapdump || /heapdump.json],methods=[GET],produces=[application/octet-stream]}" onto public void org.springframework.boot.actuate.endpoint.mvc.HeapdumpMvcEndpoint.invoke(boolean,javax.servlet.http.HttpServletRequest,javax.servlet.http.HttpServletResponse) throws java.io.IOException,javax.servlet.ServletException
2017-02-10 13:32:13.632 INFO  [] o.s.b.a.e.m.EndpointHandlerMapping 543 - Mapped "{[/logfile || /logfile.json],methods=[GET || HEAD]}" onto public void org.springframework.boot.actuate.endpoint.mvc.LogFileMvcEndpoint.invoke(javax.servlet.http.HttpServletRequest,javax.servlet.http.HttpServletResponse) throws javax.servlet.ServletException,java.io.IOException
2017-02-10 13:32:13.634 INFO  [] o.s.b.a.e.m.EndpointHandlerMapping 543 - Mapped "{[/trace || /trace.json],methods=[GET],produces=[application/json]}" onto public java.lang.Object org.springframework.boot.actuate.endpoint.mvc.EndpointMvcAdapter.invoke()
2017-02-10 13:32:13.636 INFO  [] o.s.b.a.e.m.EndpointHandlerMapping 543 - Mapped "{[/refresh || /refresh.json],methods=[POST]}" onto public java.lang.Object org.springframework.cloud.endpoint.GenericPostableMvcEndpoint.invoke()
2017-02-10 13:32:13.636 INFO  [] o.s.b.a.e.m.EndpointHandlerMapping 543 - Mapped "{[/restart || /restart.json],methods=[POST]}" onto public java.lang.Object org.springframework.cloud.context.restart.RestartMvcEndpoint.invoke()
2017-02-10 13:32:13.637 INFO  [] o.s.b.a.e.m.EndpointHandlerMapping 543 - Mapped "{[/pause || /pause.json],methods=[POST]}" onto public java.lang.Object org.springframework.cloud.endpoint.GenericPostableMvcEndpoint.invoke()
2017-02-10 13:32:13.637 INFO  [] o.s.b.a.e.m.EndpointHandlerMapping 543 - Mapped "{[/dump || /dump.json],methods=[GET],produces=[application/json]}" onto public java.lang.Object org.springframework.boot.actuate.endpoint.mvc.EndpointMvcAdapter.invoke()
2017-02-10 13:32:13.638 INFO  [] o.s.b.a.e.m.EndpointHandlerMapping 543 - Mapped "{[/info || /info.json],methods=[GET],produces=[application/json]}" onto public java.lang.Object org.springframework.boot.actuate.endpoint.mvc.EndpointMvcAdapter.invoke()
2017-02-10 13:32:13.817 INFO  [] o.s.w.s.m.m.a.RequestMappingHandlerAdapter 534 - Looking for @ControllerAdvice: org.springframework.boot.context.embedded.AnnotationConfigEmbeddedWebApplicationContext@5357c287: startup date [Fri Feb 10 13:32:10 CST 2017]; parent: org.springframework.context.annotation.AnnotationConfigApplicationContext@3738449f
2017-02-10 13:32:13.886 INFO  [] o.s.w.s.h.SimpleUrlHandlerMapping 354 - Mapped URL path [/swagger-ui.html] onto handler of type [class org.springframework.web.servlet.resource.ResourceHttpRequestHandler]
2017-02-10 13:32:13.888 INFO  [] o.s.w.s.h.SimpleUrlHandlerMapping 354 - Mapped URL path [/webjars/**] onto handler of type [class org.springframework.web.servlet.resource.ResourceHttpRequestHandler]
2017-02-10 13:32:13.916 INFO  [] o.s.w.s.h.SimpleUrlHandlerMapping 354 - Mapped URL path [/**/favicon.ico] onto handler of type [class org.springframework.web.servlet.resource.ResourceHttpRequestHandler]
2017-02-10 13:32:14.253 INFO  [] o.s.c.s.DefaultLifecycleProcessor 341 - Starting beans in phase 2147483647
2017-02-10 13:32:14.253 INFO  [] s.d.s.w.p.DocumentationPluginsBootstrapper 120 - Context refreshed
2017-02-10 13:32:14.274 INFO  [] s.d.s.w.p.DocumentationPluginsBootstrapper 123 - Found 1 custom documentation plugin(s)
2017-02-10 13:32:14.282 INFO  [] s.d.s.w.s.ApiListingReferenceScanner 41 - Scanning for api listing references
2017-02-10 13:32:14.312 INFO  [] o.a.c.h.Http11NioProtocol 179 - Initializing ProtocolHandler ["http-nio-9001"]
2017-02-10 13:32:14.321 INFO  [] o.a.c.h.Http11NioProtocol 179 - Starting ProtocolHandler [http-nio-9001]
2017-02-10 13:32:14.328 INFO  [] o.a.t.u.n.NioSelectorPool 179 - Using a shared selector for servlet write/read
2017-02-10 13:32:14.342 INFO  [] o.s.b.c.e.t.TomcatEmbeddedServletContainer 185 - Tomcat started on port(s): 9001 (http)
2017-02-10 13:32:14.346 INFO  [] m.c.s.s.ApplicationEventListener 32 - Service in local mode, do not register with Consul
2017-02-10 13:32:14.347 INFO  [] c.x.b.BWaclCenterStartUp 57 - Started BWaclCenterStartUp in 5.003 seconds (JVM running for 5.572)
2017-02-10 13:32:55.360 INFO  [] o.s.b.c.e.AnnotationConfigEmbeddedWebApplicationContext 987 - Closing org.springframework.boot.context.embedded.AnnotationConfigEmbeddedWebApplicationContext@5357c287: startup date [Fri Feb 10 13:32:10 CST 2017]; parent: org.springframework.context.annotation.AnnotationConfigApplicationContext@3738449f
2017-02-10 13:32:55.363 INFO  [] o.s.c.s.DefaultLifecycleProcessor 356 - Stopping beans in phase 2147483647
2017-02-10 13:32:55.374 INFO  [] m.c.s.s.c.AbstractConfig 54 - Shutting down service: bwaclservice
#logback.classic pattern: %d{yyyy-MM-dd HH:mm:ss.SSS} %-5level [%X{TRACE_LOG_ID}] %logger{15} %line - %msg%n
#logback.classic pattern: %d{yyyy-MM-dd HH:mm:ss.SSS} %-5level [%X{TRACE_LOG_ID}] %logger{15} %line - %msg%n
2017-03-04 08:26:27.857 INFO  [] o.s.c.a.AnnotationConfigApplicationContext 582 - Refreshing org.springframework.context.annotation.AnnotationConfigApplicationContext@3738449f: startup date [Sat Mar 04 08:26:27 CST 2017]; root of context hierarchy
2017-03-04 08:26:28.202 INFO  [] o.h.v.i.u.Version 27 - HV000001: Hibernate Validator 5.1.3.Final
2017-03-04 08:26:28.707 INFO  [] o.s.c.s.PostProcessorRegistrationDelegate$BeanPostProcessorChecker 325 - Bean 'configurationPropertiesRebinderAutoConfiguration' of type [class org.springframework.cloud.autoconfigure.ConfigurationPropertiesRebinderAutoConfiguration$$EnhancerBySpringCGLIB$$5c8aeadb] is not eligible for getting processed by all BeanPostProcessors (for example: not eligible for auto-proxying)
#logback.classic pattern: %d{yyyy-MM-dd HH:mm:ss.SSS} %-5level [%X{TRACE_LOG_ID}] %logger{15} %line - %msg%n
2017-03-04 08:26:29.684 WARN  [] c.n.c.s.URLConfigurationSource 121 - No URLs will be polled as dynamic configuration sources.
2017-03-04 08:26:29.685 INFO  [] c.n.c.s.URLConfigurationSource 122 - To enable URLs as dynamic configuration sources, define System property archaius.configurationSource.additionalUrls or make config.properties available on classpath.
2017-03-04 08:26:29.699 INFO  [] c.x.b.BWaclCenterStartUp 661 - No active profile set, falling back to default profiles: default
2017-03-04 08:26:29.720 INFO  [] o.s.b.c.e.AnnotationConfigEmbeddedWebApplicationContext 582 - Refreshing org.springframework.boot.context.embedded.AnnotationConfigEmbeddedWebApplicationContext@5357c287: startup date [Sat Mar 04 08:26:29 CST 2017]; parent: org.springframework.context.annotation.AnnotationConfigApplicationContext@3738449f
2017-03-04 08:26:31.139 WARN  [] o.s.c.a.ConfigurationClassPostProcessor 389 - Cannot enhance @Configuration bean definition 'refreshScope' since its singleton instance has been created too early. The typical cause is a non-static @Bean method with a BeanDefinitionRegistryPostProcessor return type: Consider declaring such methods as 'static'.
2017-03-04 08:26:31.252 INFO  [] o.s.c.c.s.GenericScope 263 - BeanFactory id=7053975b-3c63-3a1e-9b04-b68e3f726901
2017-03-04 08:26:31.374 INFO  [] o.s.c.s.PostProcessorRegistrationDelegate$BeanPostProcessorChecker 325 - Bean 'org.springframework.cloud.autoconfigure.ConfigurationPropertiesRebinderAutoConfiguration' of type [class org.springframework.cloud.autoconfigure.ConfigurationPropertiesRebinderAutoConfiguration$$EnhancerBySpringCGLIB$$5c8aeadb] is not eligible for getting processed by all BeanPostProcessors (for example: not eligible for auto-proxying)
2017-03-04 08:26:31.766 INFO  [] o.s.b.c.e.t.TomcatEmbeddedServletContainer 87 - Tomcat initialized with port(s): 9001 (http)
2017-03-04 08:26:31.778 INFO  [] o.a.c.c.StandardService 179 - Starting service Tomcat
2017-03-04 08:26:31.779 INFO  [] o.a.c.c.StandardEngine 179 - Starting Servlet Engine: Apache Tomcat/8.5.6
2017-03-04 08:26:31.868 INFO  [] o.a.c.c.C.[.[.[/] 179 - Initializing Spring embedded WebApplicationContext
2017-03-04 08:26:31.869 INFO  [] o.s.w.c.ContextLoader 276 - Root WebApplicationContext: initialization completed in 2149 ms
2017-03-04 08:26:31.885 INFO  [] m.c.s.s.c.AbstractConfig 49 - Initializing service: bwaclservice
2017-03-04 08:26:32.142 INFO  [] o.s.b.w.s.FilterRegistrationBean 258 - Mapping filter: 'correlationIdFilter' to: [/*]
2017-03-04 08:26:32.142 INFO  [] o.s.b.w.s.FilterRegistrationBean 258 - Mapping filter: 'metricsFilter' to: [/*]
2017-03-04 08:26:32.142 INFO  [] o.s.b.w.s.FilterRegistrationBean 258 - Mapping filter: 'characterEncodingFilter' to: [/*]
2017-03-04 08:26:32.142 INFO  [] o.s.b.w.s.FilterRegistrationBean 258 - Mapping filter: 'hiddenHttpMethodFilter' to: [/*]
2017-03-04 08:26:32.143 INFO  [] o.s.b.w.s.FilterRegistrationBean 258 - Mapping filter: 'httpPutFormContentFilter' to: [/*]
2017-03-04 08:26:32.143 INFO  [] o.s.b.w.s.FilterRegistrationBean 258 - Mapping filter: 'requestContextFilter' to: [/*]
2017-03-04 08:26:32.143 INFO  [] o.s.b.w.s.FilterRegistrationBean 258 - Mapping filter: 'webRequestLoggingFilter' to: [/*]
2017-03-04 08:26:32.143 INFO  [] o.s.b.w.s.FilterRegistrationBean 258 - Mapping filter: 'cacheControlFilter' to: [/*]
2017-03-04 08:26:32.143 INFO  [] o.s.b.w.s.FilterRegistrationBean 258 - Mapping filter: 'applicationContextIdFilter' to: [/*]
2017-03-04 08:26:32.143 INFO  [] o.s.b.w.s.ServletRegistrationBean 190 - Mapping servlet: 'dispatcherServlet' to [/]
2017-03-04 08:26:32.902 INFO  [] o.s.w.s.m.m.a.RequestMappingHandlerMapping 543 - Mapped "{[/v2/api-docs],methods=[GET],produces=[application/json || application/hal+json]}" onto public org.springframework.http.ResponseEntity<springfox.documentation.spring.web.json.Json> springfox.documentation.swagger2.web.Swagger2Controller.getDocumentation(java.lang.String,javax.servlet.http.HttpServletRequest)
2017-03-04 08:26:32.928 INFO  [] o.s.w.s.m.m.a.RequestMappingHandlerMapping 543 - Mapped "{[/swagger-resources/configuration/security]}" onto org.springframework.http.ResponseEntity<springfox.documentation.swagger.web.SecurityConfiguration> springfox.documentation.swagger.web.ApiResourceController.securityConfiguration()
2017-03-04 08:26:32.929 INFO  [] o.s.w.s.m.m.a.RequestMappingHandlerMapping 543 - Mapped "{[/swagger-resources]}" onto org.springframework.http.ResponseEntity<java.util.List<springfox.documentation.swagger.web.SwaggerResource>> springfox.documentation.swagger.web.ApiResourceController.swaggerResources()
2017-03-04 08:26:32.931 INFO  [] o.s.w.s.m.m.a.RequestMappingHandlerMapping 543 - Mapped "{[/swagger-resources/configuration/ui]}" onto org.springframework.http.ResponseEntity<springfox.documentation.swagger.web.UiConfiguration> springfox.documentation.swagger.web.ApiResourceController.uiConfiguration()
2017-03-04 08:26:32.936 INFO  [] o.s.w.s.m.m.a.RequestMappingHandlerMapping 543 - Mapped "{[/error]}" onto public org.springframework.http.ResponseEntity<java.util.Map<java.lang.String, java.lang.Object>> org.springframework.boot.autoconfigure.web.BasicErrorController.error(javax.servlet.http.HttpServletRequest)
2017-03-04 08:26:32.937 INFO  [] o.s.w.s.m.m.a.RequestMappingHandlerMapping 543 - Mapped "{[/error],produces=[text/html]}" onto public org.springframework.web.servlet.ModelAndView org.springframework.boot.autoconfigure.web.BasicErrorController.errorHtml(javax.servlet.http.HttpServletRequest,javax.servlet.http.HttpServletResponse)
2017-03-04 08:26:33.403 INFO  [] o.s.b.a.e.m.EndpointHandlerMapping 543 - Mapped "{[/health || /health.json],produces=[application/json]}" onto public java.lang.Object org.springframework.boot.actuate.endpoint.mvc.HealthMvcEndpoint.invoke(java.security.Principal)
2017-03-04 08:26:33.405 INFO  [] o.s.b.a.e.m.EndpointHandlerMapping 543 - Mapped "{[/mappings || /mappings.json],methods=[GET],produces=[application/json]}" onto public java.lang.Object org.springframework.boot.actuate.endpoint.mvc.EndpointMvcAdapter.invoke()
2017-03-04 08:26:33.406 INFO  [] o.s.b.a.e.m.EndpointHandlerMapping 543 - Mapped "{[/metrics/{name:.*}],methods=[GET],produces=[application/json]}" onto public java.lang.Object org.springframework.boot.actuate.endpoint.mvc.MetricsMvcEndpoint.value(java.lang.String)
2017-03-04 08:26:33.407 INFO  [] o.s.b.a.e.m.EndpointHandlerMapping 543 - Mapped "{[/metrics || /metrics.json],methods=[GET],produces=[application/json]}" onto public java.lang.Object org.springframework.boot.actuate.endpoint.mvc.EndpointMvcAdapter.invoke()
2017-03-04 08:26:33.408 INFO  [] o.s.b.a.e.m.EndpointHandlerMapping 543 - Mapped "{[/env],methods=[POST]}" onto public java.lang.Object org.springframework.cloud.context.environment.EnvironmentManagerMvcEndpoint.value(java.util.Map<java.lang.String, java.lang.String>)
2017-03-04 08:26:33.408 INFO  [] o.s.b.a.e.m.EndpointHandlerMapping 543 - Mapped "{[/env/reset],methods=[POST]}" onto public java.util.Map<java.lang.String, java.lang.Object> org.springframework.cloud.context.environment.EnvironmentManagerMvcEndpoint.reset()
2017-03-04 08:26:33.409 INFO  [] o.s.b.a.e.m.EndpointHandlerMapping 543 - Mapped "{[/beans || /beans.json],methods=[GET],produces=[application/json]}" onto public java.lang.Object org.springframework.boot.actuate.endpoint.mvc.EndpointMvcAdapter.invoke()
2017-03-04 08:26:33.410 INFO  [] o.s.b.a.e.m.EndpointHandlerMapping 543 - Mapped "{[/resume || /resume.json],methods=[POST]}" onto public java.lang.Object org.springframework.cloud.endpoint.GenericPostableMvcEndpoint.invoke()
2017-03-04 08:26:33.411 INFO  [] o.s.b.a.e.m.EndpointHandlerMapping 543 - Mapped "{[/autoconfig || /autoconfig.json],methods=[GET],produces=[application/json]}" onto public java.lang.Object org.springframework.boot.actuate.endpoint.mvc.EndpointMvcAdapter.invoke()
2017-03-04 08:26:33.413 INFO  [] o.s.b.a.e.m.EndpointHandlerMapping 543 - Mapped "{[/configprops || /configprops.json],methods=[GET],produces=[application/json]}" onto public java.lang.Object org.springframework.boot.actuate.endpoint.mvc.EndpointMvcAdapter.invoke()
2017-03-04 08:26:33.414 INFO  [] o.s.b.a.e.m.EndpointHandlerMapping 543 - Mapped "{[/env/{name:.*}],methods=[GET],produces=[application/json]}" onto public java.lang.Object org.springframework.boot.actuate.endpoint.mvc.EnvironmentMvcEndpoint.value(java.lang.String)
2017-03-04 08:26:33.414 INFO  [] o.s.b.a.e.m.EndpointHandlerMapping 543 - Mapped "{[/env || /env.json],methods=[GET],produces=[application/json]}" onto public java.lang.Object org.springframework.boot.actuate.endpoint.mvc.EndpointMvcAdapter.invoke()
2017-03-04 08:26:33.415 INFO  [] o.s.b.a.e.m.EndpointHandlerMapping 543 - Mapped "{[/heapdump || /heapdump.json],methods=[GET],produces=[application/octet-stream]}" onto public void org.springframework.boot.actuate.endpoint.mvc.HeapdumpMvcEndpoint.invoke(boolean,javax.servlet.http.HttpServletRequest,javax.servlet.http.HttpServletResponse) throws java.io.IOException,javax.servlet.ServletException
2017-03-04 08:26:33.416 INFO  [] o.s.b.a.e.m.EndpointHandlerMapping 543 - Mapped "{[/logfile || /logfile.json],methods=[GET || HEAD]}" onto public void org.springframework.boot.actuate.endpoint.mvc.LogFileMvcEndpoint.invoke(javax.servlet.http.HttpServletRequest,javax.servlet.http.HttpServletResponse) throws javax.servlet.ServletException,java.io.IOException
2017-03-04 08:26:33.418 INFO  [] o.s.b.a.e.m.EndpointHandlerMapping 543 - Mapped "{[/trace || /trace.json],methods=[GET],produces=[application/json]}" onto public java.lang.Object org.springframework.boot.actuate.endpoint.mvc.EndpointMvcAdapter.invoke()
2017-03-04 08:26:33.420 INFO  [] o.s.b.a.e.m.EndpointHandlerMapping 543 - Mapped "{[/refresh || /refresh.json],methods=[POST]}" onto public java.lang.Object org.springframework.cloud.endpoint.GenericPostableMvcEndpoint.invoke()
2017-03-04 08:26:33.420 INFO  [] o.s.b.a.e.m.EndpointHandlerMapping 543 - Mapped "{[/restart || /restart.json],methods=[POST]}" onto public java.lang.Object org.springframework.cloud.context.restart.RestartMvcEndpoint.invoke()
2017-03-04 08:26:33.421 INFO  [] o.s.b.a.e.m.EndpointHandlerMapping 543 - Mapped "{[/pause || /pause.json],methods=[POST]}" onto public java.lang.Object org.springframework.cloud.endpoint.GenericPostableMvcEndpoint.invoke()
2017-03-04 08:26:33.422 INFO  [] o.s.b.a.e.m.EndpointHandlerMapping 543 - Mapped "{[/dump || /dump.json],methods=[GET],produces=[application/json]}" onto public java.lang.Object org.springframework.boot.actuate.endpoint.mvc.EndpointMvcAdapter.invoke()
2017-03-04 08:26:33.423 INFO  [] o.s.b.a.e.m.EndpointHandlerMapping 543 - Mapped "{[/info || /info.json],methods=[GET],produces=[application/json]}" onto public java.lang.Object org.springframework.boot.actuate.endpoint.mvc.EndpointMvcAdapter.invoke()
2017-03-04 08:26:33.615 INFO  [] o.s.w.s.m.m.a.RequestMappingHandlerAdapter 534 - Looking for @ControllerAdvice: org.springframework.boot.context.embedded.AnnotationConfigEmbeddedWebApplicationContext@5357c287: startup date [Sat Mar 04 08:26:29 CST 2017]; parent: org.springframework.context.annotation.AnnotationConfigApplicationContext@3738449f
2017-03-04 08:26:33.690 INFO  [] o.s.w.s.h.SimpleUrlHandlerMapping 354 - Mapped URL path [/swagger-ui.html] onto handler of type [class org.springframework.web.servlet.resource.ResourceHttpRequestHandler]
2017-03-04 08:26:33.691 INFO  [] o.s.w.s.h.SimpleUrlHandlerMapping 354 - Mapped URL path [/webjars/**] onto handler of type [class org.springframework.web.servlet.resource.ResourceHttpRequestHandler]
2017-03-04 08:26:33.725 INFO  [] o.s.w.s.h.SimpleUrlHandlerMapping 354 - Mapped URL path [/**/favicon.ico] onto handler of type [class org.springframework.web.servlet.resource.ResourceHttpRequestHandler]
2017-03-04 08:26:34.113 INFO  [] o.s.c.s.DefaultLifecycleProcessor 341 - Starting beans in phase 2147483647
2017-03-04 08:26:34.114 INFO  [] s.d.s.w.p.DocumentationPluginsBootstrapper 120 - Context refreshed
2017-03-04 08:26:34.144 INFO  [] s.d.s.w.p.DocumentationPluginsBootstrapper 123 - Found 1 custom documentation plugin(s)
2017-03-04 08:26:34.154 INFO  [] s.d.s.w.s.ApiListingReferenceScanner 41 - Scanning for api listing references
2017-03-04 08:26:34.189 INFO  [] o.a.c.h.Http11NioProtocol 179 - Initializing ProtocolHandler ["http-nio-9001"]
2017-03-04 08:26:34.201 INFO  [] o.a.c.h.Http11NioProtocol 179 - Starting ProtocolHandler [http-nio-9001]
2017-03-04 08:26:34.207 INFO  [] o.a.t.u.n.NioSelectorPool 179 - Using a shared selector for servlet write/read
2017-03-04 08:26:34.225 INFO  [] o.s.b.c.e.t.TomcatEmbeddedServletContainer 185 - Tomcat started on port(s): 9001 (http)
2017-03-04 08:26:34.230 INFO  [] m.c.s.s.ApplicationEventListener 32 - Service in local mode, do not register with Consul
2017-03-04 08:26:34.232 INFO  [] c.x.b.BWaclCenterStartUp 57 - Started BWaclCenterStartUp in 7.803 seconds (JVM running for 9.09)
2017-03-04 08:26:39.925 INFO  [] o.s.b.c.e.AnnotationConfigEmbeddedWebApplicationContext 987 - Closing org.springframework.boot.context.embedded.AnnotationConfigEmbeddedWebApplicationContext@5357c287: startup date [Sat Mar 04 08:26:29 CST 2017]; parent: org.springframework.context.annotation.AnnotationConfigApplicationContext@3738449f
2017-03-04 08:26:39.927 INFO  [] o.s.c.s.DefaultLifecycleProcessor 356 - Stopping beans in phase 2147483647
2017-03-04 08:26:39.935 INFO  [] m.c.s.s.c.AbstractConfig 54 - Shutting down service: bwaclservice
